2023-08-09 10:31:11,210 - INFO - [[Model]]
    (Model(polynomial, prefix='bg_poly_') + Model(gaussian, prefix='g1_'))
[[Fit Statistics]]
    # fitting method   = leastsq
    # function evals   = 0
    # data points      = 999
    # variables        = 0
    chi-square         = 1.0537e+11
    reduced chi-square = 1.0548e+08
    Akaike info crit   = 18455.5454
    Bayesian info crit = 18455.5454
    R-squared          = -1.2590e+09
##  Warning: uncertainties could not be estimated:
[[Variables]]
    bg_poly_c0:         0 (fixed)
    bg_poly_c1:         0 (fixed)
    bg_poly_c2:         0 (fixed)
    bg_poly_c3:         0 (fixed)
    bg_poly_c4:         0 (fixed)
    g1_amplitude:       20000 (fixed)
    g1_center:          284.6 (fixed)
    g1_sigma:           0.2 (fixed)
    g1_fwhm:            0.47096400 == '2.3548200*g1_sigma'
    g1_height:          39894.2300 == '0.3989423*g1_amplitude/max(1e-15, g1_sigma)'
    g1_center_diff:     0.1 (fixed)
    g1_amp_ratio:       0.5 (fixed)
    g1_gaussian_ratio:  1 (fixed)
2023-08-09 10:31:11,468 - INFO - [[Model]]
    (Model(polynomial, prefix='bg_poly_') + Model(gaussian, prefix='g1_'))
[[Fit Statistics]]
    # fitting method   = leastsq
    # function evals   = 0
    # data points      = 999
    # variables        = 0
    chi-square         = 6.4650e+10
    reduced chi-square = 64714955.7
    Akaike info crit   = 17967.5174
    Bayesian info crit = 17967.5174
    R-squared          = -8.0512e+08
##  Warning: uncertainties could not be estimated:
[[Variables]]
    bg_poly_c0:         0 (fixed)
    bg_poly_c1:         0 (fixed)
    bg_poly_c2:         0 (fixed)
    bg_poly_c3:         0 (fixed)
    bg_poly_c4:         0 (fixed)
    g1_amplitude:       20000 (fixed)
    g1_center:          284.6 (fixed)
    g1_sigma:           0.2 (fixed)
    g1_fwhm:            0.47096400 == '2.3548200*g1_sigma'
    g1_height:          39894.2300 == '0.3989423*g1_amplitude/max(1e-15, g1_sigma)'
    g1_center_diff:     0.1 (fixed)
    g1_amp_ratio:       0.5 (fixed)
    g1_gaussian_ratio:  1 (fixed)
2023-08-09 10:31:11,662 - INFO - [[Model]]
    (Model(polynomial, prefix='bg_poly_') + Model(gaussian, prefix='g1_'))
[[Fit Statistics]]
    # fitting method   = leastsq
    # function evals   = 0
    # data points      = 999
    # variables        = 0
    chi-square         = 7.7096e+10
    reduced chi-square = 77173114.3
    Akaike info crit   = 18143.4001
    Bayesian info crit = 18143.4001
    R-squared          = -9.6218e+08
##  Warning: uncertainties could not be estimated:
[[Variables]]
    bg_poly_c0:         0 (fixed)
    bg_poly_c1:         0 (fixed)
    bg_poly_c2:         0 (fixed)
    bg_poly_c3:         0 (fixed)
    bg_poly_c4:         0 (fixed)
    g1_amplitude:       20000 (fixed)
    g1_center:          284.6 (fixed)
    g1_sigma:           0.2 (fixed)
    g1_fwhm:            0.47096400 == '2.3548200*g1_sigma'
    g1_height:          39894.2300 == '0.3989423*g1_amplitude/max(1e-15, g1_sigma)'
    g1_center_diff:     0.1 (fixed)
    g1_amp_ratio:       0.5 (fixed)
    g1_gaussian_ratio:  1 (fixed)
2023-08-09 10:31:11,914 - INFO - [[Model]]
    (Model(polynomial, prefix='bg_poly_') + Model(gaussian, prefix='g1_'))
[[Fit Statistics]]
    # fitting method   = leastsq
    # function evals   = 0
    # data points      = 999
    # variables        = 0
    chi-square         = 5.8087e+10
    reduced chi-square = 58145581.8
    Akaike info crit   = 17860.5820
    Bayesian info crit = 17860.5820
    R-squared          = -6.9042e+08
##  Warning: uncertainties could not be estimated:
[[Variables]]
    bg_poly_c0:         0 (fixed)
    bg_poly_c1:         0 (fixed)
    bg_poly_c2:         0 (fixed)
    bg_poly_c3:         0 (fixed)
    bg_poly_c4:         0 (fixed)
    g1_amplitude:       20000 (fixed)
    g1_center:          284.6 (fixed)
    g1_sigma:           0.2 (fixed)
    g1_fwhm:            0.47096400 == '2.3548200*g1_sigma'
    g1_height:          39894.2300 == '0.3989423*g1_amplitude/max(1e-15, g1_sigma)'
    g1_center_diff:     0.1 (fixed)
    g1_amp_ratio:       0.5 (fixed)
    g1_gaussian_ratio:  1 (fixed)
